Using pre-set license
Built from '2020.3/staging' branch; Version is '2020.3.4f1 (0abb6314276a) revision 703331'; Using compiler version '192528614'; Build Type 'Release'
OS: 'Windows 10 Education; OS build 19042.928; Version 2009; 64bit' Language: 'en' Physical Memory: 8075 MB
BatchMode: 1, IsHumanControllingUs: 0, StartBugReporterOnCrash: 0, Is64bit: 1, IsPro: 0

 COMMAND LINE ARGUMENTS:
C:\Program Files\Unity\Hub\Editor\2020.3.4f1\Editor\Unity.exe
-adb2
-batchMode
-noUpm
-name
AssetImportWorker0
-projectPath
C:/Users/adiho/Documents/GitHub/Unity-Game/Osiris
-logFile
Logs/AssetImportWorker0.log
-srvPort
52860
Successfully changed project path to: C:/Users/adiho/Documents/GitHub/Unity-Game/Osiris
C:/Users/adiho/Documents/GitHub/Unity-Game/Osiris
Using Asset Import Pipeline V2.
Refreshing native plugins compatible for Editor in 33.86 ms, found 0 plugins.
Preloading 0 native plugins for Editor in 0.00 ms.
Initialize engine version: 2020.3.4f1 (0abb6314276a)
[Subsystems] Discovering subsystems at path C:/Program Files/Unity/Hub/Editor/2020.3.4f1/Editor/Data/Resources/UnitySubsystems
[Subsystems] Discovering subsystems at path C:/Users/adiho/Documents/GitHub/Unity-Game/Osiris/Assets
GfxDevice: creating device client; threaded=0
Direct3D:
    Version:  Direct3D 11.0 [level 11.1]
    Renderer: NVIDIA GeForce GTX 1050 (ID=0x1c8d)
    Vendor:   
    VRAM:     1977 MB
    Driver:   27.21.14.6172
Initialize mono
Mono path[0] = 'C:/Program Files/Unity/Hub/Editor/2020.3.4f1/Editor/Data/Managed'
Mono path[1] = 'C:/Program Files/Unity/Hub/Editor/2020.3.4f1/Editor/Data/MonoBleedingEdge/lib/mono/unityjit'
Mono config path = 'C:/Program Files/Unity/Hub/Editor/2020.3.4f1/Editor/Data/MonoBleedingEdge/etc'
Using monoOptions --debugger-agent=transport=dt_socket,embedding=1,server=y,suspend=n,address=127.0.0.1:56548
Begin MonoManager ReloadAssembly
Registering precompiled unity dll's ...
Register platform support module: C:/Program Files/Unity/Hub/Editor/2020.3.4f1/Editor/Data/PlaybackEngines/WindowsStandaloneSupport/UnityEditor.WindowsStandalone.Extensions.dll
Registered in 0.002966 seconds.
Native extension for WindowsStandalone target not found
Refreshing native plugins compatible for Editor in 31.87 ms, found 0 plugins.
Preloading 0 native plugins for Editor in 0.00 ms.
Mono: successfully reloaded assembly
- Completed reload, in  2.484 seconds
Platform modules already initialized, skipping
Registering precompiled user dll's ...
Registered in 0.000888 seconds.
Begin MonoManager ReloadAssembly
Native extension for WindowsStandalone target not found
Refreshing native plugins compatible for Editor in 0.33 ms, found 0 plugins.
Preloading 0 native plugins for Editor in 0.00 ms.
Mono: successfully reloaded assembly
- Completed reload, in  1.186 seconds
Platform modules already initialized, skipping
========================================================================
Worker process is ready to serve import requests
Launched and connected shader compiler UnityShaderCompiler.exe after 0.09 seconds
Refreshing native plugins compatible for Editor in 0.53 ms, found 0 plugins.
Preloading 0 native plugins for Editor in 0.00 ms.
Unloading 1244 Unused Serialized files (Serialized files now loaded: 0)
System memory in use before: 74.5 MB.
System memory in use after: 74.5 MB.

Unloading 9 unused Assets to reduce memory usage. Loaded Objects now: 1709.
Total: 6.801100 ms (FindLiveObjects: 0.998600 ms CreateObjectMapping: 0.075600 ms MarkObjects: 5.585900 ms  DeleteObjects: 0.139600 ms)

========================================================================
Received Import Request.
  path: Assets/Materials/New Material 2.mat
  artifactKey: Guid(b2b96e3fd5d603c49bb2785d84072934) Importer(815301076,1909f56bfc062723c751e8b465ee728b)
Start importing Assets/Materials/New Material 2.mat using Guid(b2b96e3fd5d603c49bb2785d84072934) Importer(815301076,1909f56bfc062723c751e8b465ee728b)  -> (artifact id: '7740d006a09aaf50db65d1c4ff5e084b') in 0.341944 seconds
  Import took 0.346013 seconds .

========================================================================
Received Import Request.
  Time since last request: 2.679930 seconds.
  path: Assets/Scripts/Controllers/CarController/CarController.cs
  artifactKey: Guid(7602a83b2667c894984d784de2749717) Importer(815301076,1909f56bfc062723c751e8b465ee728b)
Start importing Assets/Scripts/Controllers/CarController/CarController.cs using Guid(7602a83b2667c894984d784de2749717) Importer(815301076,1909f56bfc062723c751e8b465ee728b)  -> (artifact id: '86e0956d94751debe36c4b65bb0775cb') in 0.026927 seconds
  Import took 0.032678 seconds .

========================================================================
Received Prepare
Refreshing native plugins compatible for Editor in 1.00 ms, found 0 plugins.
Preloading 0 native plugins for Editor in 0.00 ms.
Unloading 3 Unused Serialized files (Serialized files now loaded: 0)
System memory in use before: 53.2 MB.
System memory in use after: 53.4 MB.

Unloading 2 unused Assets to reduce memory usage. Loaded Objects now: 1749.
Total: 5.353000 ms (FindLiveObjects: 0.304900 ms CreateObjectMapping: 0.053300 ms MarkObjects: 4.957300 ms  DeleteObjects: 0.034900 ms)

========================================================================
Received Import Request.
  Time since last request: 60.713671 seconds.
  path: Assets/Scripts/Controllers/CarController/CarController.cs
  artifactKey: Guid(7602a83b2667c894984d784de2749717) Importer(815301076,1909f56bfc062723c751e8b465ee728b)
Start importing Assets/Scripts/Controllers/CarController/CarController.cs using Guid(7602a83b2667c894984d784de2749717) Importer(815301076,1909f56bfc062723c751e8b465ee728b)  -> (artifact id: '2bceba96a88d28836fb5993781723913') in 0.003962 seconds
  Import took 0.006808 seconds .

========================================================================
Received Import Request.
  Time since last request: 295.974596 seconds.
  path: Assets/Scripts/Controllers/CarController/CarController.cs
  artifactKey: Guid(7602a83b2667c894984d784de2749717) Importer(815301076,1909f56bfc062723c751e8b465ee728b)
Start importing Assets/Scripts/Controllers/CarController/CarController.cs using Guid(7602a83b2667c894984d784de2749717) Importer(815301076,1909f56bfc062723c751e8b465ee728b)  -> (artifact id: 'd45d0c4271d8c27c0c8833018513ade8') in 0.033720 seconds
  Import took 0.041274 seconds .

========================================================================
Received Import Request.
  Time since last request: 34.741735 seconds.
  path: Assets/Scripts/Controllers/CarController/CarController.cs
  artifactKey: Guid(7602a83b2667c894984d784de2749717) Importer(815301076,1909f56bfc062723c751e8b465ee728b)
Start importing Assets/Scripts/Controllers/CarController/CarController.cs using Guid(7602a83b2667c894984d784de2749717) Importer(815301076,1909f56bfc062723c751e8b465ee728b)  -> (artifact id: 'a1a1f22ee92aa0a3b1dfd5907e6dae3f') in 0.007279 seconds
  Import took 0.010207 seconds .

========================================================================
Received Import Request.
  Time since last request: 6.962381 seconds.
  path: Assets/Scripts/Controllers/CarController/CarController.cs
  artifactKey: Guid(7602a83b2667c894984d784de2749717) Importer(815301076,1909f56bfc062723c751e8b465ee728b)
Start importing Assets/Scripts/Controllers/CarController/CarController.cs using Guid(7602a83b2667c894984d784de2749717) Importer(815301076,1909f56bfc062723c751e8b465ee728b)  -> (artifact id: 'c596103147ff44cde255ab79b185b401') in 0.012410 seconds
  Import took 0.016887 seconds .

========================================================================
Received Import Request.
  Time since last request: 32.754108 seconds.
  path: Assets/Scripts/Controllers/CarController/CarController.cs
  artifactKey: Guid(7602a83b2667c894984d784de2749717) Importer(815301076,1909f56bfc062723c751e8b465ee728b)
Start importing Assets/Scripts/Controllers/CarController/CarController.cs using Guid(7602a83b2667c894984d784de2749717) Importer(815301076,1909f56bfc062723c751e8b465ee728b)  -> (artifact id: '214d0a3c942daa00b04ba59c71c9246a') in 0.053171 seconds
  Import took 0.066696 seconds .

========================================================================
Received Import Request.
  Time since last request: 76.691247 seconds.
  path: Assets/Scripts/Controllers/CarController/CarController.cs
  artifactKey: Guid(7602a83b2667c894984d784de2749717) Importer(815301076,1909f56bfc062723c751e8b465ee728b)
Start importing Assets/Scripts/Controllers/CarController/CarController.cs using Guid(7602a83b2667c894984d784de2749717) Importer(815301076,1909f56bfc062723c751e8b465ee728b)  -> (artifact id: '0a0aa1b5fc3bee10321dda5bb2d0e1f7') in 0.014972 seconds
  Import took 0.040359 seconds .

========================================================================
Received Import Request.
  Time since last request: 63.383161 seconds.
  path: Assets/Scripts/Controllers/CarController/CarController.cs
  artifactKey: Guid(7602a83b2667c894984d784de2749717) Importer(815301076,1909f56bfc062723c751e8b465ee728b)
Start importing Assets/Scripts/Controllers/CarController/CarController.cs using Guid(7602a83b2667c894984d784de2749717) Importer(815301076,1909f56bfc062723c751e8b465ee728b)  -> (artifact id: '2ce5bb1fcbf5931ecf1d553d37b711c5') in 0.031820 seconds
  Import took 0.039917 seconds .

========================================================================
Received Prepare
Registering precompiled user dll's ...
Registered in 0.002216 seconds.
Begin MonoManager ReloadAssembly
Native extension for WindowsStandalone target not found
Refreshing native plugins compatible for Editor in 0.24 ms, found 0 plugins.
Preloading 0 native plugins for Editor in 0.00 ms.
Mono: successfully reloaded assembly
- Completed reload, in  0.993 seconds
Platform modules already initialized, skipping
Refreshing native plugins compatible for Editor in 0.24 ms, found 0 plugins.
Preloading 0 native plugins for Editor in 0.00 ms.
Unloading 1239 Unused Serialized files (Serialized files now loaded: 0)
System memory in use before: 77.7 MB.
System memory in use after: 77.8 MB.

Unloading 4 unused Assets to reduce memory usage. Loaded Objects now: 1752.
Total: 3.875900 ms (FindLiveObjects: 0.202300 ms CreateObjectMapping: 0.063700 ms MarkObjects: 3.574200 ms  DeleteObjects: 0.034300 ms)

========================================================================
Received Prepare
Registering precompiled user dll's ...
Registered in 0.000974 seconds.
Begin MonoManager ReloadAssembly
Native extension for WindowsStandalone target not found
Refreshing native plugins compatible for Editor in 0.25 ms, found 0 plugins.
Preloading 0 native plugins for Editor in 0.00 ms.
Mono: successfully reloaded assembly
- Completed reload, in  1.309 seconds
Platform modules already initialized, skipping
Refreshing native plugins compatible for Editor in 0.25 ms, found 0 plugins.
Preloading 0 native plugins for Editor in 0.00 ms.
Unloading 1239 Unused Serialized files (Serialized files now loaded: 0)
System memory in use before: 77.8 MB.
System memory in use after: 77.9 MB.

Unloading 4 unused Assets to reduce memory usage. Loaded Objects now: 1755.
Total: 5.306700 ms (FindLiveObjects: 0.372400 ms CreateObjectMapping: 0.090000 ms MarkObjects: 4.825200 ms  DeleteObjects: 0.017200 ms)

========================================================================
Received Prepare
Registering precompiled user dll's ...
Registered in 0.000933 seconds.
Begin MonoManager ReloadAssembly
Native extension for WindowsStandalone target not found
Refreshing native plugins compatible for Editor in 0.27 ms, found 0 plugins.
Preloading 0 native plugins for Editor in 0.00 ms.
Mono: successfully reloaded assembly
- Completed reload, in  1.007 seconds
Platform modules already initialized, skipping
Refreshing native plugins compatible for Editor in 0.28 ms, found 0 plugins.
Preloading 0 native plugins for Editor in 0.00 ms.
Unloading 1239 Unused Serialized files (Serialized files now loaded: 0)
System memory in use before: 77.8 MB.
System memory in use after: 77.9 MB.

Unloading 4 unused Assets to reduce memory usage. Loaded Objects now: 1758.
Total: 5.612000 ms (FindLiveObjects: 0.152800 ms CreateObjectMapping: 0.045100 ms MarkObjects: 5.395000 ms  DeleteObjects: 0.017400 ms)

========================================================================
Received Prepare
Registering precompiled user dll's ...
Registered in 0.000783 seconds.
Begin MonoManager ReloadAssembly
Native extension for WindowsStandalone target not found
Refreshing native plugins compatible for Editor in 0.27 ms, found 0 plugins.
Preloading 0 native plugins for Editor in 0.00 ms.
Mono: successfully reloaded assembly
- Completed reload, in  1.093 seconds
Platform modules already initialized, skipping
Refreshing native plugins compatible for Editor in 0.32 ms, found 0 plugins.
Preloading 0 native plugins for Editor in 0.00 ms.
Unloading 1239 Unused Serialized files (Serialized files now loaded: 0)
System memory in use before: 77.8 MB.
System memory in use after: 77.9 MB.

Unloading 4 unused Assets to reduce memory usage. Loaded Objects now: 1761.
Total: 4.729900 ms (FindLiveObjects: 0.246600 ms CreateObjectMapping: 0.065900 ms MarkObjects: 4.400500 ms  DeleteObjects: 0.015800 ms)

========================================================================
Received Prepare
Registering precompiled user dll's ...
Registered in 0.000881 seconds.
Begin MonoManager ReloadAssembly
Native extension for WindowsStandalone target not found
Refreshing native plugins compatible for Editor in 0.36 ms, found 0 plugins.
Preloading 0 native plugins for Editor in 0.00 ms.
Mono: successfully reloaded assembly
- Completed reload, in  1.147 seconds
Platform modules already initialized, skipping
Refreshing native plugins compatible for Editor in 0.25 ms, found 0 plugins.
Preloading 0 native plugins for Editor in 0.00 ms.
Unloading 1239 Unused Serialized files (Serialized files now loaded: 0)
System memory in use before: 77.8 MB.
System memory in use after: 77.9 MB.

Unloading 4 unused Assets to reduce memory usage. Loaded Objects now: 1764.
Total: 6.370000 ms (FindLiveObjects: 0.269300 ms CreateObjectMapping: 0.045000 ms MarkObjects: 6.018500 ms  DeleteObjects: 0.035000 ms)

AssetImportWorkerClient::OnTransportError - code=2 error=End of file
