Using pre-set license
Built from '2020.3/staging' branch; Version is '2020.3.4f1 (0abb6314276a) revision 703331'; Using compiler version '192528614'; Build Type 'Release'
OS: 'Windows 10 Education; OS build 19042.928; Version 2009; 64bit' Language: 'en' Physical Memory: 8075 MB
BatchMode: 1, IsHumanControllingUs: 0, StartBugReporterOnCrash: 0, Is64bit: 1, IsPro: 0

 COMMAND LINE ARGUMENTS:
C:\Program Files\Unity\Hub\Editor\2020.3.4f1\Editor\Unity.exe
-adb2
-batchMode
-noUpm
-name
AssetImportWorker1
-projectPath
C:/Users/adiho/Documents/GitHub/Unity-Game/Osiris
-logFile
Logs/AssetImportWorker1.log
-srvPort
59370
Successfully changed project path to: C:/Users/adiho/Documents/GitHub/Unity-Game/Osiris
C:/Users/adiho/Documents/GitHub/Unity-Game/Osiris
Using Asset Import Pipeline V2.
Refreshing native plugins compatible for Editor in 32.38 ms, found 0 plugins.
Preloading 0 native plugins for Editor in 0.00 ms.
Initialize engine version: 2020.3.4f1 (0abb6314276a)
[Subsystems] Discovering subsystems at path C:/Program Files/Unity/Hub/Editor/2020.3.4f1/Editor/Data/Resources/UnitySubsystems
[Subsystems] Discovering subsystems at path C:/Users/adiho/Documents/GitHub/Unity-Game/Osiris/Assets
GfxDevice: creating device client; threaded=0
Direct3D:
    Version:  Direct3D 11.0 [level 11.1]
    Renderer: NVIDIA GeForce GTX 1050 (ID=0x1c8d)
    Vendor:   
    VRAM:     1977 MB
    Driver:   27.21.14.6172
Initialize mono
Mono path[0] = 'C:/Program Files/Unity/Hub/Editor/2020.3.4f1/Editor/Data/Managed'
Mono path[1] = 'C:/Program Files/Unity/Hub/Editor/2020.3.4f1/Editor/Data/MonoBleedingEdge/lib/mono/unityjit'
Mono config path = 'C:/Program Files/Unity/Hub/Editor/2020.3.4f1/Editor/Data/MonoBleedingEdge/etc'
Using monoOptions --debugger-agent=transport=dt_socket,embedding=1,server=y,suspend=n,address=127.0.0.1:56468
Begin MonoManager ReloadAssembly
Registering precompiled unity dll's ...
Register platform support module: C:/Program Files/Unity/Hub/Editor/2020.3.4f1/Editor/Data/PlaybackEngines/WindowsStandaloneSupport/UnityEditor.WindowsStandalone.Extensions.dll
Registered in 0.004785 seconds.
Native extension for WindowsStandalone target not found
Refreshing native plugins compatible for Editor in 29.57 ms, found 0 plugins.
Preloading 0 native plugins for Editor in 0.00 ms.
Mono: successfully reloaded assembly
- Completed reload, in  2.678 seconds
Platform modules already initialized, skipping
Registering precompiled user dll's ...
Registered in 0.001190 seconds.
Begin MonoManager ReloadAssembly
Native extension for WindowsStandalone target not found
Refreshing native plugins compatible for Editor in 0.37 ms, found 0 plugins.
Preloading 0 native plugins for Editor in 0.00 ms.
Mono: successfully reloaded assembly
- Completed reload, in  1.071 seconds
Platform modules already initialized, skipping
========================================================================
Worker process is ready to serve import requests
Launched and connected shader compiler UnityShaderCompiler.exe after 0.07 seconds
Refreshing native plugins compatible for Editor in 0.25 ms, found 0 plugins.
Preloading 0 native plugins for Editor in 0.00 ms.
Unloading 1244 Unused Serialized files (Serialized files now loaded: 0)
System memory in use before: 74.5 MB.
System memory in use after: 74.6 MB.

Unloading 9 unused Assets to reduce memory usage. Loaded Objects now: 1709.
Total: 4.270100 ms (FindLiveObjects: 0.177200 ms CreateObjectMapping: 0.196800 ms MarkObjects: 3.786700 ms  DeleteObjects: 0.107900 ms)

========================================================================
Received Import Request.
  path: Assets/Car
  artifactKey: Guid(a4d1db2b5be52764ab362d93f514ea46) Importer(815301076,1909f56bfc062723c751e8b465ee728b)
Start importing Assets/Car using Guid(a4d1db2b5be52764ab362d93f514ea46) Importer(815301076,1909f56bfc062723c751e8b465ee728b)  -> (artifact id: 'a7fb9d3842ade28bb82cd12ed50a704d') in 0.010561 seconds
  Import took 0.012915 seconds .

========================================================================
Received Import Request.
  Time since last request: 0.000332 seconds.
  path: Assets
  artifactKey: Guid(00000000000000001000000000000000) Importer(815301076,1909f56bfc062723c751e8b465ee728b)
Start importing Assets using Guid(00000000000000001000000000000000) Importer(815301076,1909f56bfc062723c751e8b465ee728b)  -> (artifact id: '025e4f587c23674256bb898581e82961') in 0.012736 seconds
  Import took 0.015947 seconds .

========================================================================
Received Import Request.
  Time since last request: 4.733962 seconds.
  path: Assets/Prefabs
  artifactKey: Guid(fd875dd95465f8242ad393546bf94c84) Importer(815301076,1909f56bfc062723c751e8b465ee728b)
Start importing Assets/Prefabs using Guid(fd875dd95465f8242ad393546bf94c84) Importer(815301076,1909f56bfc062723c751e8b465ee728b)  -> (artifact id: '143c743968e092a4eb897bcb63bd8be8') in 0.039266 seconds
  Import took 0.049587 seconds .

========================================================================
Received Import Request.
  Time since last request: 9.191552 seconds.
  path: Assets/Prefabs/Bot.prefab
  artifactKey: Guid(dd8efd0aed6b60e4195810848bedd8cb) Importer(815301076,1909f56bfc062723c751e8b465ee728b)
Start importing Assets/Prefabs/Bot.prefab using Guid(dd8efd0aed6b60e4195810848bedd8cb) Importer(815301076,1909f56bfc062723c751e8b465ee728b)  -> (artifact id: '9cab96e7bb4638caa2d1a03dc5e441f1') in 0.275926 seconds
  Import took 0.280968 seconds .

========================================================================
Received Prepare
Registering precompiled user dll's ...
Registered in 0.000767 seconds.
Begin MonoManager ReloadAssembly
Native extension for WindowsStandalone target not found
Refreshing native plugins compatible for Editor in 0.26 ms, found 0 plugins.
Preloading 0 native plugins for Editor in 0.00 ms.
Mono: successfully reloaded assembly
- Completed reload, in  1.019 seconds
Platform modules already initialized, skipping
Refreshing native plugins compatible for Editor in 0.24 ms, found 0 plugins.
Preloading 0 native plugins for Editor in 0.00 ms.
Unloading 1239 Unused Serialized files (Serialized files now loaded: 0)
System memory in use before: 77.6 MB.
System memory in use after: 77.7 MB.

Unloading 4 unused Assets to reduce memory usage. Loaded Objects now: 1719.
Total: 3.904500 ms (FindLiveObjects: 0.266900 ms CreateObjectMapping: 0.045300 ms MarkObjects: 3.554000 ms  DeleteObjects: 0.036700 ms)

========================================================================
Received Prepare
Registering precompiled user dll's ...
Registered in 0.000962 seconds.
Begin MonoManager ReloadAssembly
Native extension for WindowsStandalone target not found
Refreshing native plugins compatible for Editor in 0.62 ms, found 0 plugins.
Preloading 0 native plugins for Editor in 0.00 ms.
Mono: successfully reloaded assembly
- Completed reload, in  1.235 seconds
Platform modules already initialized, skipping
Refreshing native plugins compatible for Editor in 0.26 ms, found 0 plugins.
Preloading 0 native plugins for Editor in 0.00 ms.
Unloading 1239 Unused Serialized files (Serialized files now loaded: 0)
System memory in use before: 77.7 MB.
System memory in use after: 77.8 MB.

Unloading 4 unused Assets to reduce memory usage. Loaded Objects now: 1722.
Total: 10.669400 ms (FindLiveObjects: 0.737100 ms CreateObjectMapping: 0.125900 ms MarkObjects: 9.741800 ms  DeleteObjects: 0.062500 ms)

========================================================================
Received Prepare
Registering precompiled user dll's ...
Registered in 0.000869 seconds.
Begin MonoManager ReloadAssembly
Native extension for WindowsStandalone target not found
Refreshing native plugins compatible for Editor in 0.85 ms, found 0 plugins.
Preloading 0 native plugins for Editor in 0.00 ms.
Mono: successfully reloaded assembly
- Completed reload, in  1.029 seconds
Platform modules already initialized, skipping
Refreshing native plugins compatible for Editor in 0.25 ms, found 0 plugins.
Preloading 0 native plugins for Editor in 0.00 ms.
Unloading 1239 Unused Serialized files (Serialized files now loaded: 0)
System memory in use before: 77.7 MB.
System memory in use after: 77.8 MB.

Unloading 4 unused Assets to reduce memory usage. Loaded Objects now: 1725.
Total: 3.859700 ms (FindLiveObjects: 0.230300 ms CreateObjectMapping: 0.046300 ms MarkObjects: 3.567200 ms  DeleteObjects: 0.014900 ms)

========================================================================
Received Import Request.
  Time since last request: 1089.835640 seconds.
  path: Assets/Scripts/Controllers/CarController/Nav.cs
  artifactKey: Guid(77ba3b56b25867246b9f35c336b17801) Importer(815301076,1909f56bfc062723c751e8b465ee728b)
Start importing Assets/Scripts/Controllers/CarController/Nav.cs using Guid(77ba3b56b25867246b9f35c336b17801) Importer(815301076,1909f56bfc062723c751e8b465ee728b)  -> (artifact id: '4e01c161b5f6ae7e3490d74e2c0f6cbb') in 0.048951 seconds
  Import took 0.053139 seconds .

========================================================================
Received Import Request.
  Time since last request: 12.145183 seconds.
  path: Assets/Scripts/Controllers/CarController/NavigationSystem.cs
  artifactKey: Guid(77ba3b56b25867246b9f35c336b17801) Importer(815301076,1909f56bfc062723c751e8b465ee728b)
Start importing Assets/Scripts/Controllers/CarController/NavigationSystem.cs using Guid(77ba3b56b25867246b9f35c336b17801) Importer(815301076,1909f56bfc062723c751e8b465ee728b)  -> (artifact id: 'd6c4007afde52b4590502a400da3039c') in 0.096872 seconds
  Import took 0.101899 seconds .

========================================================================
Received Prepare
Registering precompiled user dll's ...
Registered in 0.026934 seconds.
Begin MonoManager ReloadAssembly
Native extension for WindowsStandalone target not found
Refreshing native plugins compatible for Editor in 0.29 ms, found 0 plugins.
Preloading 0 native plugins for Editor in 0.00 ms.
Mono: successfully reloaded assembly
- Completed reload, in  1.678 seconds
Platform modules already initialized, skipping
Refreshing native plugins compatible for Editor in 0.25 ms, found 0 plugins.
Preloading 0 native plugins for Editor in 0.00 ms.
Unloading 1239 Unused Serialized files (Serialized files now loaded: 0)
System memory in use before: 77.7 MB.
System memory in use after: 77.8 MB.

Unloading 4 unused Assets to reduce memory usage. Loaded Objects now: 1728.
Total: 5.025700 ms (FindLiveObjects: 0.184700 ms CreateObjectMapping: 0.054300 ms MarkObjects: 4.765300 ms  DeleteObjects: 0.018900 ms)

========================================================================
Received Prepare
Registering precompiled user dll's ...
Registered in 0.000896 seconds.
Begin MonoManager ReloadAssembly
Native extension for WindowsStandalone target not found
Refreshing native plugins compatible for Editor in 0.34 ms, found 0 plugins.
Preloading 0 native plugins for Editor in 0.00 ms.
Mono: successfully reloaded assembly
- Completed reload, in  1.408 seconds
Platform modules already initialized, skipping
Refreshing native plugins compatible for Editor in 0.26 ms, found 0 plugins.
Preloading 0 native plugins for Editor in 0.00 ms.
Unloading 1240 Unused Serialized files (Serialized files now loaded: 0)
System memory in use before: 77.7 MB.
System memory in use after: 77.8 MB.

Unloading 4 unused Assets to reduce memory usage. Loaded Objects now: 1732.
Total: 4.479500 ms (FindLiveObjects: 0.186300 ms CreateObjectMapping: 0.083900 ms MarkObjects: 4.189100 ms  DeleteObjects: 0.018400 ms)

========================================================================
Received Import Request.
  Time since last request: 21.892184 seconds.
  path: Assets/Scripts/Controllers/CarController/NavigationSystem.cs
  artifactKey: Guid(77ba3b56b25867246b9f35c336b17801) Importer(815301076,1909f56bfc062723c751e8b465ee728b)
Start importing Assets/Scripts/Controllers/CarController/NavigationSystem.cs using Guid(77ba3b56b25867246b9f35c336b17801) Importer(815301076,1909f56bfc062723c751e8b465ee728b)  -> (artifact id: '6348cd7d4f880015268a8371e8d5d453') in 0.009194 seconds
  Import took 0.012075 seconds .

========================================================================
Received Prepare
Registering precompiled user dll's ...
Registered in 0.000770 seconds.
Begin MonoManager ReloadAssembly
Native extension for WindowsStandalone target not found
Refreshing native plugins compatible for Editor in 0.26 ms, found 0 plugins.
Preloading 0 native plugins for Editor in 0.00 ms.
Mono: successfully reloaded assembly
- Completed reload, in  1.083 seconds
Platform modules already initialized, skipping
Refreshing native plugins compatible for Editor in 0.27 ms, found 0 plugins.
Preloading 0 native plugins for Editor in 0.00 ms.
Unloading 1240 Unused Serialized files (Serialized files now loaded: 0)
System memory in use before: 77.7 MB.
System memory in use after: 77.8 MB.

Unloading 4 unused Assets to reduce memory usage. Loaded Objects now: 1735.
Total: 4.370000 ms (FindLiveObjects: 0.205100 ms CreateObjectMapping: 0.059200 ms MarkObjects: 4.088400 ms  DeleteObjects: 0.015800 ms)

========================================================================
Received Import Request.
  Time since last request: 63.343672 seconds.
  path: Assets/Scripts/Controllers/CarController/NavigationSystem.cs
  artifactKey: Guid(77ba3b56b25867246b9f35c336b17801) Importer(815301076,1909f56bfc062723c751e8b465ee728b)
Start importing Assets/Scripts/Controllers/CarController/NavigationSystem.cs using Guid(77ba3b56b25867246b9f35c336b17801) Importer(815301076,1909f56bfc062723c751e8b465ee728b)  -> (artifact id: '137a8b31982561900afbcf215a03f7ce') in 0.025580 seconds
  Import took 0.030248 seconds .

========================================================================
Received Import Request.
  Time since last request: 2.725595 seconds.
  path: Assets/Scripts/Controllers/CarController/Nav.cs
  artifactKey: Guid(cb56c76f12a9e5d4a8c6b04b681aba01) Importer(815301076,1909f56bfc062723c751e8b465ee728b)
Start importing Assets/Scripts/Controllers/CarController/Nav.cs using Guid(cb56c76f12a9e5d4a8c6b04b681aba01) Importer(815301076,1909f56bfc062723c751e8b465ee728b)  -> (artifact id: '991ff648b38e2a9bc4ee66a7fb16f6ba') in 0.009393 seconds
  Import took 0.012247 seconds .

========================================================================
Received Prepare
Registering precompiled user dll's ...
Registered in 0.000864 seconds.
Begin MonoManager ReloadAssembly
Native extension for WindowsStandalone target not found
Refreshing native plugins compatible for Editor in 0.26 ms, found 0 plugins.
Preloading 0 native plugins for Editor in 0.00 ms.
Mono: successfully reloaded assembly
- Completed reload, in  1.180 seconds
Platform modules already initialized, skipping
Refreshing native plugins compatible for Editor in 0.70 ms, found 0 plugins.
Preloading 0 native plugins for Editor in 0.00 ms.
Unloading 1239 Unused Serialized files (Serialized files now loaded: 0)
System memory in use before: 77.7 MB.
System memory in use after: 77.8 MB.

Unloading 4 unused Assets to reduce memory usage. Loaded Objects now: 1738.
Total: 8.692200 ms (FindLiveObjects: 0.203000 ms CreateObjectMapping: 0.060300 ms MarkObjects: 8.400500 ms  DeleteObjects: 0.026400 ms)

========================================================================
Received Prepare
Registering precompiled user dll's ...
Registered in 0.000813 seconds.
Begin MonoManager ReloadAssembly
Native extension for WindowsStandalone target not found
Refreshing native plugins compatible for Editor in 0.44 ms, found 0 plugins.
Preloading 0 native plugins for Editor in 0.00 ms.
Mono: successfully reloaded assembly
- Completed reload, in  1.289 seconds
Platform modules already initialized, skipping
Refreshing native plugins compatible for Editor in 0.52 ms, found 0 plugins.
Preloading 0 native plugins for Editor in 0.00 ms.
Unloading 1239 Unused Serialized files (Serialized files now loaded: 0)
System memory in use before: 77.7 MB.
System memory in use after: 77.8 MB.

Unloading 4 unused Assets to reduce memory usage. Loaded Objects now: 1741.
Total: 3.885500 ms (FindLiveObjects: 0.179200 ms CreateObjectMapping: 0.056500 ms MarkObjects: 3.632300 ms  DeleteObjects: 0.016000 ms)

========================================================================
Received Prepare
Registering precompiled user dll's ...
Registered in 0.000799 seconds.
Begin MonoManager ReloadAssembly
Native extension for WindowsStandalone target not found
Refreshing native plugins compatible for Editor in 0.29 ms, found 0 plugins.
Preloading 0 native plugins for Editor in 0.00 ms.
Mono: successfully reloaded assembly
- Completed reload, in  0.893 seconds
Platform modules already initialized, skipping
Refreshing native plugins compatible for Editor in 0.24 ms, found 0 plugins.
Preloading 0 native plugins for Editor in 0.00 ms.
Unloading 1239 Unused Serialized files (Serialized files now loaded: 0)
System memory in use before: 77.7 MB.
System memory in use after: 77.8 MB.

Unloading 4 unused Assets to reduce memory usage. Loaded Objects now: 1744.
Total: 5.595900 ms (FindLiveObjects: 0.141400 ms CreateObjectMapping: 0.036500 ms MarkObjects: 5.399400 ms  DeleteObjects: 0.016400 ms)

========================================================================
Received Prepare
Registering precompiled user dll's ...
Registered in 0.002269 seconds.
Begin MonoManager ReloadAssembly
Native extension for WindowsStandalone target not found
Refreshing native plugins compatible for Editor in 0.23 ms, found 0 plugins.
Preloading 0 native plugins for Editor in 0.00 ms.
Mono: successfully reloaded assembly
- Completed reload, in  0.907 seconds
Platform modules already initialized, skipping
Refreshing native plugins compatible for Editor in 0.25 ms, found 0 plugins.
Preloading 0 native plugins for Editor in 0.00 ms.
Unloading 1239 Unused Serialized files (Serialized files now loaded: 0)
System memory in use before: 77.7 MB.
System memory in use after: 77.8 MB.

Unloading 4 unused Assets to reduce memory usage. Loaded Objects now: 1747.
Total: 68.768400 ms (FindLiveObjects: 0.218100 ms CreateObjectMapping: 0.058200 ms MarkObjects: 67.925800 ms  DeleteObjects: 0.564200 ms)

========================================================================
Received Prepare
Registering precompiled user dll's ...
Registered in 0.000837 seconds.
Begin MonoManager ReloadAssembly
Native extension for WindowsStandalone target not found
Refreshing native plugins compatible for Editor in 0.24 ms, found 0 plugins.
Preloading 0 native plugins for Editor in 0.00 ms.
Mono: successfully reloaded assembly
- Completed reload, in  0.996 seconds
Platform modules already initialized, skipping
Refreshing native plugins compatible for Editor in 0.25 ms, found 0 plugins.
Preloading 0 native plugins for Editor in 0.00 ms.
Unloading 1239 Unused Serialized files (Serialized files now loaded: 0)
System memory in use before: 77.8 MB.
System memory in use after: 77.9 MB.

Unloading 4 unused Assets to reduce memory usage. Loaded Objects now: 1750.
Total: 6.799000 ms (FindLiveObjects: 0.155800 ms CreateObjectMapping: 0.040600 ms MarkObjects: 6.583600 ms  DeleteObjects: 0.017300 ms)

AssetImportWorkerClient::OnTransportError - code=2 error=End of file
